2019-01-31 02:46:24 :  <INFO>      [Button clicked] Log files menu item
2019-01-31 02:47:05 :  <INFO>      [Button clicked] Settings menu item
2019-01-31 02:47:07 :  <INFO>      [Button clicked] Quarantine menu item
2019-01-31 02:48:24 :  <INFO>      [Button clicked] Log files menu item
2019-01-31 02:48:31 :  <INFO>      [Button clicked] Dashboard menu item
2019-01-31 02:48:44 :  <INFO>      [Button clicked] Feedback button  10
2019-01-31 02:48:44 :  <INFO>      [Telemetry] Sending NPS Survey
2019-01-31 02:48:45 :  <INFO>      [SslCert] Issued by ("Let's Encrypt Authority X3")
2019-01-31 02:48:45 :  <INFO>      [SslCert] Issued to ("telemetry-01.adwc.fr33tux.org")
2019-01-31 02:48:45 :  <INFO>      [SslCert] Locality Name ()
2019-01-31 02:48:45 :  <INFO>      [SslCert] Organization ()
2019-01-31 02:48:45 :  <INFO>      [SslCert] Certificate EffectiveDate:  "Wed Jan 30 13:37:59 2019 GMT"
2019-01-31 02:48:45 :  <INFO>      [SslCert] Certificate ExpirationDate:  "Tue Apr 30 13:37:59 2019 GMT"
2019-01-31 02:48:45 :  <INFO>      [SslCert] ALPN: Yes
2019-01-31 02:48:45 :  <INFO>      [SslCert] Cipher:  "ECDHE-RSA-AES256-GCM-SHA384"
2019-01-31 02:48:45 :  <INFO>      [SslCert] KXE:  "ECDH"
2019-01-31 02:48:45 :  <INFO>      [SslCert] Protocol:  "TLSv1.2"
2019-01-31 02:48:45 :  <INFO>      [Telemetry] Status code:  QVariant(int, 204)
2019-01-31 02:48:46 :  <INFO>      [Button clicked] Scan
2019-01-31 02:48:46 :  <INFO>      [Scan] Started
2019-01-31 02:48:47 :  <INFO>      [SslCert] Issued by ("DigiCert SHA2 High Assurance Server CA")
2019-01-31 02:48:47 :  <INFO>      [SslCert] Issued to ("*.malwarebytes.com")
2019-01-31 02:48:47 :  <INFO>      [SslCert] Locality Name ("Santa Clara")
2019-01-31 02:48:47 :  <INFO>      [SslCert] Organization ("Malwarebytes Inc")
2019-01-31 02:48:47 :  <INFO>      [SslCert] Certificate EffectiveDate:  "Mon Oct 2 00:00:00 2017 GMT"
2019-01-31 02:48:47 :  <INFO>      [SslCert] Certificate ExpirationDate:  "Tue Oct 6 12:00:00 2020 GMT"
2019-01-31 02:48:47 :  <INFO>      [SslCert] ALPN: Yes
2019-01-31 02:48:47 :  <INFO>      [SslCert] Cipher:  "ECDHE-RSA-AES256-GCM-SHA384"
2019-01-31 02:48:47 :  <INFO>      [SslCert] KXE:  "ECDH"
2019-01-31 02:48:47 :  <INFO>      [SslCert] Protocol:  "TLSv1.2"
2019-01-31 02:48:47 :  <INFO>      [Database] Downloading database
2019-01-31 02:48:47 :  <INFO>      [SslCert] Issued by ("DigiCert SHA2 High Assurance Server CA")
2019-01-31 02:48:47 :  <INFO>      [SslCert] Issued to ("*.malwarebytes.com")
2019-01-31 02:48:47 :  <INFO>      [SslCert] Locality Name ("Santa Clara")
2019-01-31 02:48:47 :  <INFO>      [SslCert] Organization ("Malwarebytes Inc")
2019-01-31 02:48:47 :  <INFO>      [SslCert] Certificate EffectiveDate:  "Mon Oct 2 00:00:00 2017 GMT"
2019-01-31 02:48:47 :  <INFO>      [SslCert] Certificate ExpirationDate:  "Tue Oct 6 12:00:00 2020 GMT"
2019-01-31 02:48:47 :  <INFO>      [SslCert] ALPN: Yes
2019-01-31 02:48:47 :  <INFO>      [SslCert] Cipher:  "ECDHE-RSA-AES256-GCM-SHA384"
2019-01-31 02:48:47 :  <INFO>      [SslCert] KXE:  "ECDH"
2019-01-31 02:48:47 :  <INFO>      [SslCert] Protocol:  "TLSv1.2"
2019-01-31 02:48:47 :  <INFO>      [Database] Checking integrity
2019-01-31 02:48:47 :  <INFO>      [Database] Found  2284  families
2019-01-31 02:48:47 :  <INFO>      [Database] Database v "2019-01-25.2"
2019-01-31 02:48:48 :  <INFO>      [Loading paths] Local paths loaded
2019-01-31 02:48:48 :  <INFO>      [Loading paths] Chrome paths loaded
2019-01-31 02:48:48 :  <INFO>      [Loading paths] User Keys loaded
2019-01-31 02:48:48 :  <INFO>      [Module added] Folder
2019-01-31 02:48:48 :  <INFO>      [Module added] File
2019-01-31 02:48:48 :  <INFO>      [Module added] URL
2019-01-31 02:48:48 :  <INFO>      [Module added] Service
2019-01-31 02:48:48 :  <INFO>      [Module added] TaskName
2019-01-31 02:48:48 :  <INFO>      [Module added] TaskContent
2019-01-31 02:48:48 :  <INFO>      [Module added] App Init
2019-01-31 02:48:48 :  <INFO>      [Module added] Classes
2019-01-31 02:48:48 :  <INFO>      [Module added] DNS
2019-01-31 02:48:48 :  <INFO>      [Module added] Firewall
2019-01-31 02:48:48 :  <INFO>      [Module added] GUID
2019-01-31 02:48:48 :  <INFO>      [Module added] IEPolicy
2019-01-31 02:48:48 :  <INFO>      [Module added] RegOther
2019-01-31 02:48:48 :  <INFO>      [Module added] ProductID
2019-01-31 02:48:48 :  <INFO>      [Module added] Software
2019-01-31 02:48:48 :  <INFO>      [Module added] Startup
2019-01-31 02:48:48 :  <INFO>      [Module added] Winlogon
2019-01-31 02:48:48 :  <INFO>      [Module added] WMI
2019-01-31 02:48:48 :  <INFO>      [Module added] Chromium
2019-01-31 02:48:48 :  <INFO>      [Module added] FF
2019-01-31 02:48:48 :  <INFO>      [Module added] RegGeneric
2019-01-31 02:48:48 :  <INFO>      [Module added] FileSystem
2019-01-31 02:48:48 :  <INFO>      [Module initialize] File/Folder
2019-01-31 02:48:48 :  <INFO>      [Module initialize] File/Folder
2019-01-31 02:48:56 :  <INFO>      [Module initialize] URL
2019-01-31 02:48:56 :  <INFO>      [Module initialize] Service
2019-01-31 02:48:56 :  <INFO>      [Module initialize] TaskName
2019-01-31 02:48:56 :  <INFO>      [Module initialize] TaskContent
2019-01-31 02:48:56 :  <INFO>      [Module initialize] App Init
2019-01-31 02:48:56 :  <INFO>      [Module initialize] Classes
2019-01-31 02:48:56 :  <INFO>      [Module initialize] DNS
2019-01-31 02:48:56 :  <INFO>      [Module initialize] Firewall
2019-01-31 02:48:56 :  <INFO>      [Module initialize] GUID
2019-01-31 02:48:56 :  <INFO>      [Module initialize] IEPolicy
2019-01-31 02:48:56 :  <INFO>      [Module initialize] RegOther
2019-01-31 02:48:56 :  <INFO>      [Module initialize] ProductID
2019-01-31 02:48:56 :  <INFO>      [Module initialize] Software
2019-01-31 02:48:56 :  <INFO>      [Module initialize] Startup
2019-01-31 02:48:56 :  <INFO>      [Module Initialized] Winlogon
2019-01-31 02:48:57 :  <INFO>      [Module initialized] WMI
2019-01-31 02:48:57 :  <INFO>      [Module initialize] Chromium
2019-01-31 02:48:57 :  <INFO>      [Module initialize] FF
2019-01-31 02:48:57 :  <INFO>      [Module initialize] RegGeneric
2019-01-31 02:48:57 :  <INFO>      [Module initialize] FileSystem
2019-01-31 02:48:57 :  <INFO>      [Module initialize] Scan Browser
2019-01-31 02:48:57 :  <INFO>      [Module initialize] Scan Browser FF
2019-01-31 02:48:57 :  <INFO>      [Module initialize] FF start pages loaded
2019-01-31 02:48:57 :  <INFO>      [Module initialize] FF search providers loaded
2019-01-31 02:48:57 :  <INFO>      [Module initialize] FF plugin list loaded
2019-01-31 02:48:57 :  <INFO>      [Scan] Exclusions loaded
2019-01-31 02:49:02 :  <INFO>      [Scan] Threat detected:  "Trojan.Agent" ,  "C:\\Windows\\rss" [ "Folder" ]
2019-01-31 02:49:02 :  <INFO>      [Scan] Threat detected:  "Trojan.Agent" ,  "C:\\Windows\\System32\\drivers\\WinmonFS.sys" [ "File" ]
2019-01-31 02:49:05 :  <INFO>      [Telemetry] Sending to Influx
2019-01-31 02:49:06 :  <INFO>      [SslCert] Issued by ("Let's Encrypt Authority X3")
2019-01-31 02:49:06 :  <INFO>      [SslCert] Issued to ("telemetry-01.adwc.fr33tux.org")
2019-01-31 02:49:06 :  <INFO>      [SslCert] Locality Name ()
2019-01-31 02:49:06 :  <INFO>      [SslCert] Organization ()
2019-01-31 02:49:06 :  <INFO>      [SslCert] Certificate EffectiveDate:  "Wed Jan 30 13:37:59 2019 GMT"
2019-01-31 02:49:06 :  <INFO>      [SslCert] Certificate ExpirationDate:  "Tue Apr 30 13:37:59 2019 GMT"
2019-01-31 02:49:06 :  <INFO>      [SslCert] ALPN: Yes
2019-01-31 02:49:06 :  <INFO>      [SslCert] Cipher:  "ECDHE-RSA-AES256-GCM-SHA384"
2019-01-31 02:49:06 :  <INFO>      [SslCert] KXE:  "ECDH"
2019-01-31 02:49:06 :  <INFO>      [SslCert] Protocol:  "TLSv1.2"
2019-01-31 02:49:06 :  <INFO>      [Telemetry] Status code:  QVariant(int, 204)
2019-01-31 02:49:06 :  <INFO>      [Telemetry] Sending to DSE
2019-01-31 02:49:07 :  <INFO>      [SslCert] Issued by ("DigiCert SHA2 High Assurance Server CA")
2019-01-31 02:49:07 :  <INFO>      [SslCert] Issued to ("*.malwarebytes.com")
2019-01-31 02:49:07 :  <INFO>      [SslCert] Locality Name ("San Jose")
2019-01-31 02:49:07 :  <INFO>      [SslCert] Organization ("Malwarebytes Inc.")
2019-01-31 02:49:07 :  <INFO>      [SslCert] Certificate EffectiveDate:  "Thu Feb 22 00:00:00 2018 GMT"
2019-01-31 02:49:07 :  <INFO>      [SslCert] Certificate ExpirationDate:  "Wed Apr 22 12:00:00 2020 GMT"
2019-01-31 02:49:07 :  <INFO>      [SslCert] ALPN: Yes
2019-01-31 02:49:07 :  <INFO>      [SslCert] Cipher:  "ECDHE-RSA-AES256-GCM-SHA384"
2019-01-31 02:49:07 :  <INFO>      [SslCert] KXE:  "ECDH"
2019-01-31 02:49:07 :  <INFO>      [SslCert] Protocol:  "TLSv1.2"
2019-01-31 02:49:07 :  <INFO>      [Telemetry] Status code:  QVariant(int, 201)
2019-01-31 02:49:07 :  <INFO>      [Scan] Finished
2019-01-31 02:49:12 :  <INFO>      [Button clicked] Clean & repair
2019-01-31 02:50:46 :  <INFO>      [Button clicked] Generic button clicked [ 5 ]
2019-01-31 02:50:46 :  <INFO>      [Cleaning] Started
2019-01-31 02:50:46 :  <WARNING>   [Cleaning] Unable to Open process -  "[System Process]"   0
2019-01-31 02:50:46 :  <WARNING>   [Cleaning] Unable to Open process -  "System"   0
2019-01-31 02:50:46 :  <INFO>      [Quarantine] Session folder:  "C:\\AdwCleaner\\Quarantine\\v1\\20190131.095046"
2019-01-31 02:50:46 :  <INFO>      [Cleaning] Quarantined:  "Trojan.Agent" ,  "C:\\Windows\\rss" [ "Folder" ]
2019-01-31 02:50:46 :  <WARNING>   [Cleaning] Failed to quarantine:  "Trojan.Agent" ,  "C:\\Windows\\System32\\drivers\\WinmonFS.sys" [ "File" ]
2019-01-31 02:50:46 :  <INFO>      [Engine Additional Action]  "Delete IFEO"
2019-01-31 02:50:47 :  <INFO>      [Engine Additional Action]  "Delete Prefetch"
2019-01-31 02:50:47 :  <INFO>      [Engine Additional Action]  "Delete Tracing Keys"
2019-01-31 02:50:47 :  <INFO>      [Engine Additional Action]  "Reset BITS"
2019-01-31 02:50:52 :  <INFO>      [Engine Additional Action]  "Reset Windows Firewall"
2019-01-31 02:50:52 :  <WARNING>   [Engine Additional Action]  "Reset Hosts File" failed
2019-01-31 02:50:52 :  <INFO>      [Engine Additional Action]  "Reset IPSec"
2019-01-31 02:50:52 :  <INFO>      [Engine Additional Action]  "Reset Chromium Policies"
2019-01-31 02:50:52 :  <INFO>      [Engine Additional Action]  "Reset IE Policies"
2019-01-31 02:50:52 :  <INFO>      [Engine Additional Action]  "Reset Proxy Settings"
2019-01-31 02:50:52 :  <INFO>      [Engine Additional Action]  "Reset TCP/IP"
2019-01-31 02:50:53 :  <INFO>      [Engine Additional Action]  "Reset Winsock"
2019-01-31 02:50:53 :  <INFO>      [Telemetry] Sending to Influx
2019-01-31 02:50:54 :  <INFO>      [SslCert] Issued by ("Let's Encrypt Authority X3")
2019-01-31 02:50:54 :  <INFO>      [SslCert] Issued to ("telemetry-01.adwc.fr33tux.org")
2019-01-31 02:50:54 :  <INFO>      [SslCert] Locality Name ()
2019-01-31 02:50:54 :  <INFO>      [SslCert] Organization ()
2019-01-31 02:50:54 :  <INFO>      [SslCert] Certificate EffectiveDate:  "Wed Jan 30 13:37:59 2019 GMT"
2019-01-31 02:50:54 :  <INFO>      [SslCert] Certificate ExpirationDate:  "Tue Apr 30 13:37:59 2019 GMT"
2019-01-31 02:50:54 :  <INFO>      [SslCert] ALPN: Yes
2019-01-31 02:50:54 :  <INFO>      [SslCert] Cipher:  "ECDHE-RSA-AES256-GCM-SHA384"
2019-01-31 02:50:54 :  <INFO>      [SslCert] KXE:  "ECDH"
2019-01-31 02:50:54 :  <INFO>      [SslCert] Protocol:  "TLSv1.2"
2019-01-31 02:50:54 :  <INFO>      [Telemetry] Status code:  QVariant(int, 204)
2019-01-31 02:50:54 :  <INFO>      [Telemetry] Sending to DSE
2019-01-31 02:50:55 :  <INFO>      [SslCert] Issued by ("DigiCert SHA2 High Assurance Server CA")
2019-01-31 02:50:55 :  <INFO>      [SslCert] Issued to ("*.malwarebytes.com")
2019-01-31 02:50:55 :  <INFO>      [SslCert] Locality Name ("San Jose")
2019-01-31 02:50:55 :  <INFO>      [SslCert] Organization ("Malwarebytes Inc.")
2019-01-31 02:50:55 :  <INFO>      [SslCert] Certificate EffectiveDate:  "Thu Feb 22 00:00:00 2018 GMT"
2019-01-31 02:50:55 :  <INFO>      [SslCert] Certificate ExpirationDate:  "Wed Apr 22 12:00:00 2020 GMT"
2019-01-31 02:50:55 :  <INFO>      [SslCert] ALPN: Yes
2019-01-31 02:50:55 :  <INFO>      [SslCert] Cipher:  "ECDHE-RSA-AES256-GCM-SHA384"
2019-01-31 02:50:55 :  <INFO>      [SslCert] KXE:  "ECDH"
2019-01-31 02:50:55 :  <INFO>      [SslCert] Protocol:  "TLSv1.2"
2019-01-31 02:50:55 :  <INFO>      [Telemetry] Status code:  QVariant(int, 201)
2019-01-31 02:50:55 :  <INFO>      [Cleaning] Finished
2019-01-31 02:50:55 :  <WARNING>   QSortFilterProxyModel: invalid inserted rows reported by source model
2019-01-31 02:53:41 :  <INFO>      [Application] Closing AdwCleaner
2019-01-31 02:54:58 :  <INFO>      [Application] AdwCleaner  7 . 2 . 7  launched
2019-01-31 02:55:51 :  <INFO>      [MBBanner] Checking Iris
2019-01-31 02:55:51 :  <INFO>      [IRIS] Making request
2019-01-31 02:55:51 :  <WARNING>   QSortFilterProxyModel: invalid inserted rows reported by source model
2019-01-31 02:55:51 :  <INFO>      [AdwUpgrade] Checking application updates
2019-01-31 02:55:51 :  <INFO>      [Telemetry] Sending hello
2019-01-31 02:55:53 :  <INFO>      [SslCert] Issued by ("DigiCert SHA2 High Assurance Server CA")
2019-01-31 02:55:53 :  <INFO>      [SslCert] Issued to ("*.malwarebytes.com")
2019-01-31 02:55:53 :  <INFO>      [SslCert] Locality Name ("Santa Clara")
2019-01-31 02:55:53 :  <INFO>      [SslCert] Organization ("Malwarebytes Inc")
2019-01-31 02:55:53 :  <INFO>      [SslCert] Certificate EffectiveDate:  "Mon Oct 2 00:00:00 2017 GMT"
2019-01-31 02:55:53 :  <INFO>      [SslCert] Certificate ExpirationDate:  "Tue Oct 6 12:00:00 2020 GMT"
2019-01-31 02:55:53 :  <INFO>      [SslCert] ALPN: None
2019-01-31 02:55:53 :  <INFO>      [SslCert] Cipher:  "ECDHE-RSA-AES256-GCM-SHA384"
2019-01-31 02:55:53 :  <INFO>      [SslCert] KXE:  "ECDH"
2019-01-31 02:55:53 :  <INFO>      [SslCert] Protocol:  "TLSv1.2"
2019-01-31 02:55:53 :  <INFO>      [SslCert] Issued by ("DigiCert SHA2 High Assurance Server CA")
2019-01-31 02:55:53 :  <INFO>      [SslCert] Issued to ("*.malwarebytes.com")
2019-01-31 02:55:53 :  <INFO>      [SslCert] Locality Name ("Santa Clara")
2019-01-31 02:55:53 :  <INFO>      [SslCert] Organization ("Malwarebytes Inc")
2019-01-31 02:55:53 :  <INFO>      [SslCert] Certificate EffectiveDate:  "Mon Oct 2 00:00:00 2017 GMT"
2019-01-31 02:55:53 :  <INFO>      [SslCert] Certificate ExpirationDate:  "Tue Oct 6 12:00:00 2020 GMT"
2019-01-31 02:55:53 :  <INFO>      [SslCert] ALPN: Yes
2019-01-31 02:55:53 :  <INFO>      [SslCert] Cipher:  "ECDHE-RSA-AES256-GCM-SHA384"
2019-01-31 02:55:53 :  <INFO>      [SslCert] KXE:  "ECDH"
2019-01-31 02:55:53 :  <INFO>      [SslCert] Protocol:  "TLSv1.2"
2019-01-31 02:55:53 :  <INFO>      [SslCert] Issued by ("DigiCert SHA2 High Assurance Server CA")
2019-01-31 02:55:53 :  <INFO>      [SslCert] Issued to ("*.malwarebytes.com")
2019-01-31 02:55:53 :  <INFO>      [SslCert] Locality Name ("Santa Clara")
2019-01-31 02:55:53 :  <INFO>      [SslCert] Organization ("Malwarebytes Inc")
2019-01-31 02:55:53 :  <INFO>      [SslCert] Certificate EffectiveDate:  "Mon Oct 2 00:00:00 2017 GMT"
2019-01-31 02:55:53 :  <INFO>      [SslCert] Certificate ExpirationDate:  "Tue Oct 6 12:00:00 2020 GMT"
2019-01-31 02:55:53 :  <INFO>      [SslCert] ALPN: None
2019-01-31 02:55:53 :  <INFO>      [SslCert] Cipher:  "ECDHE-RSA-AES256-GCM-SHA384"
2019-01-31 02:55:53 :  <INFO>      [SslCert] KXE:  "ECDH"
2019-01-31 02:55:53 :  <INFO>      [SslCert] Protocol:  "TLSv1.2"
2019-01-31 02:55:53 :  <INFO>      [Telemetry] Status code:  QVariant(int, 200)
2019-01-31 02:55:54 :  <WARNING>   [File Downloader] Error downloading ( QNetworkReply::NetworkError(ContentNotFoundError) )
2019-01-31 02:55:54 :  <INFO>      [IRIS] Failed
2019-01-31 02:55:56 :  <INFO>      [Application] Closing AdwCleaner
